<?xml version="1.0" encoding="UTF-8"?>
<testng-results ignored="0" total="1" passed="1" failed="0" skipped="0">
  <reporter-output>
    <line>
      <![CDATA[CustomerModule]]>
    </line>
  </reporter-output>
  <suite started-at="2024-06-07T19:56:17 IST" name="Default suite" finished-at="2024-06-07T19:56:21 IST" duration-ms="4104">
    <groups>
    </groups>
    <test started-at="2024-06-07T19:56:17 IST" name="Default test" finished-at="2024-06-07T19:56:21 IST" duration-ms="4104">
      <class name="com.submitoproffer.testscript.CustomerModule">
        <test-method signature="demo()[pri:0, instance:com.submitoproffer.testscript.CustomerModule@3cebbb30]" started-at="2024-06-07T19:56:17 IST" name="demo" finished-at="2024-06-07T19:56:21 IST" duration-ms="4043" status="PASS">
          <reporter-output>
            <line>
              <![CDATA[CustomerModule]]>
            </line>
          </reporter-output>
        </test-method> <!-- demo -->
      </class> <!-- com.submitoproffer.testscript.CustomerModule -->
    </test> <!-- Default test -->
  </suite> <!-- Default suite -->
</testng-results>
